#
# There is insufficient memory for the Java Runtime Environment to continue.
# Native memory allocation (malloc) failed to allocate 2097152 bytes. Error detail: AllocateHeap
# Possible reasons:
#   The system is out of physical RAM or swap space
#   This process is running with CompressedOops enabled, and the Java Heap may be blocking the growth of the native heap
# Possible solutions:
#   Reduce memory load on the system
#   Increase physical memory or swap space
#   Check if swap backing store is full
#   Decrease Java heap size (-Xmx/-Xms)
#   Decrease number of Java threads
#   Decrease Java thread stack sizes (-Xss)
#   Set larger code cache with -XX:ReservedCodeCacheSize=
#   JVM is running with Unscaled Compressed Oops mode in which the Java heap is
#     placed in the first 4GB address space. The Java Heap base address is the
#     maximum limit for the native heap growth. Please use -XX:HeapBaseMinAddress
#     to set the Java Heap base and to place the Java Heap above 4GB virtual address.
# This output file may be truncated or incomplete.
#
#  Out of Memory Error (allocation.cpp:44), pid=15224, tid=5000
#
# JRE version: OpenJDK Runtime Environment Temurin-17.0.11+9 (17.0.11+9) (build 17.0.11+9)
# Java VM: OpenJDK 64-Bit Server VM Temurin-17.0.11+9 (17.0.11+9, mixed mode, emulated-client, tiered, compressed oops, compressed class ptrs, g1 gc, windows-amd64)
# No core dump will be written. Minidumps are not enabled by default on client versions of Windows
#

---------------  S U M M A R Y ------------

Command Line: -Xmx1024m -Dsts.lsp.client=vscode -Dsts.log.file=/dev/null -XX:TieredStopAtLevel=1 -Xlog:jni+resolve=off -Dspring.config.location=file:c:\Users\befer\.vscode\extensions\vmware.vscode-spring-boot-1.55.0\language-server\BOOT-INF\classes\application.properties org.springframework.ide.vscode.boot.app.BootLanguageServerBootApp

Host: Intel(R) Core(TM) i3-7020U CPU @ 2.30GHz, 4 cores, 3G,  Windows 10 , 64 bit Build 19041 (10.0.19041.3636)
Time: Tue Jun 18 15:02:21 2024 Hora oficial do Brasil elapsed time: 70598.012927 seconds (0d 19h 36m 38s)

---------------  T H R E A D  ---------------

Current thread (0x00000129a3e6f310):  VMThread "VM Thread" [stack: 0x00000021e7e00000,0x00000021e7f00000] [id=5000]

Stack: [0x00000021e7e00000,0x00000021e7f00000]
Native frames: (J=compiled Java code, j=interpreted, Vv=VM code, C=native code)
V  [jvm.dll+0x67d429]
V  [jvm.dll+0x834b7a]
V  [jvm.dll+0x83663e]
V  [jvm.dll+0x836ca3]
V  [jvm.dll+0x247dbf]
V  [jvm.dll+0xa6cb3]
V  [jvm.dll+0x2f8b61]
V  [jvm.dll+0x2f4750]
V  [jvm.dll+0x2dcf67]
V  [jvm.dll+0x31fb67]
V  [jvm.dll+0x83b19b]
V  [jvm.dll+0x83bed2]
V  [jvm.dll+0x83c3ed]
V  [jvm.dll+0x83c7c4]
V  [jvm.dll+0x83c890]
V  [jvm.dll+0x7e410a]
V  [jvm.dll+0x67c315]
C  [ucrtbase.dll+0x21bb2]
C  [KERNEL32.DLL+0x17344]
C  [ntdll.dll+0x526b1]

VM_Operation (0x00000021e90fec10): G1CollectFull, mode: safepoint, requested by thread 0x00000129a8959020


---------------  P R O C E S S  ---------------

Threads class SMR info:
_java_thread_list=0x00000129a987fc60, length=23, elements={
0x00000129a3e83730, 0x00000129a3e845b0, 0x00000129a3eb4810, 0x00000129a3eb5690,
0x00000129a3eb9170, 0x00000129a3eb9b30, 0x00000129a3ebb410, 0x00000129a3edd050,
0x00000129a82f6f40, 0x00000129a830a4f0, 0x00000129a99b3c10, 0x00000129a8959020,
0x00000129a8a35b10, 0x0000012999939e70, 0x00000129a9892180, 0x00000129a98e7040,
0x00000129a9a6f720, 0x00000129a99ff080, 0x00000129a99fffb0, 0x00000129a9a009d0,
0x00000129a9a004c0, 0x00000129a99ffaa0, 0x00000129a9a4e9d0
}

Java Threads: ( => current thread )
  0x00000129a3e83730 JavaThread "Reference Handler" daemon [_thread_blocked, id=14424, stack(0x00000021e7f00000,0x00000021e8000000)]
  0x00000129a3e845b0 JavaThread "Finalizer" daemon [_thread_blocked, id=14856, stack(0x00000021e8000000,0x00000021e8100000)]
  0x00000129a3eb4810 JavaThread "Signal Dispatcher" daemon [_thread_blocked, id=8460, stack(0x00000021e8100000,0x00000021e8200000)]
  0x00000129a3eb5690 JavaThread "Attach Listener" daemon [_thread_blocked, id=16832, stack(0x00000021e8200000,0x00000021e8300000)]
  0x00000129a3eb9170 JavaThread "Service Thread" daemon [_thread_blocked, id=16660, stack(0x00000021e8300000,0x00000021e8400000)]
  0x00000129a3eb9b30 JavaThread "Monitor Deflation Thread" daemon [_thread_blocked, id=18508, stack(0x00000021e8400000,0x00000021e8500000)]
  0x00000129a3ebb410 JavaThread "C1 CompilerThread0" daemon [_thread_blocked, id=5064, stack(0x00000021e8500000,0x00000021e8600000)]
  0x00000129a3edd050 JavaThread "Sweeper thread" daemon [_thread_blocked, id=14768, stack(0x00000021e8600000,0x00000021e8700000)]
  0x00000129a82f6f40 JavaThread "Notification Thread" daemon [_thread_blocked, id=2244, stack(0x00000021e8700000,0x00000021e8800000)]
  0x00000129a830a4f0 JavaThread "Common-Cleaner" daemon [_thread_blocked, id=15172, stack(0x00000021e8900000,0x00000021e8a00000)]
  0x00000129a99b3c10 JavaThread "boundedElastic-evictor-1" daemon [_thread_blocked, id=17600, stack(0x00000021e8f00000,0x00000021e9000000)]
  0x00000129a8959020 JavaThread "pool-13-thread-1" [_thread_blocked, id=10676, stack(0x00000021e9000000,0x00000021e9100000)]
  0x00000129a8a35b10 JavaThread "LanguageServerApp-lifecycle" [_thread_blocked, id=8772, stack(0x00000021e9100000,0x00000021e9200000)]
  0x0000012999939e70 JavaThread "DestroyJavaVM" [_thread_blocked, id=16260, stack(0x00000021e7800000,0x00000021e7900000)]
  0x00000129a9892180 JavaThread "pool-14-thread-1" [_thread_in_native, id=7860, stack(0x00000021e9200000,0x00000021e9300000)]
  0x00000129a98e7040 JavaThread "Simple-Language-Server main thread" daemon [_thread_blocked, id=11396, stack(0x00000021e9300000,0x00000021e9400000)]
  0x00000129a9a6f720 JavaThread "pool-8-thread-1" [_thread_blocked, id=15504, stack(0x00000021e9400000,0x00000021e9500000)]
  0x00000129a99ff080 JavaThread "parallel-1" daemon [_thread_blocked, id=7352, stack(0x00000021e9500000,0x00000021e9600000)]
  0x00000129a99fffb0 JavaThread "parallel-2" daemon [_thread_blocked, id=560, stack(0x00000021e9600000,0x00000021e9700000)]
  0x00000129a9a009d0 JavaThread "parallel-3" daemon [_thread_blocked, id=16156, stack(0x00000021e9700000,0x00000021e9800000)]
  0x00000129a9a004c0 JavaThread "parallel-4" daemon [_thread_blocked, id=14884, stack(0x00000021e9800000,0x00000021e9900000)]
  0x00000129a99ffaa0 JavaThread "pool-6-thread-1" [_thread_blocked, id=2960, stack(0x00000021e9a00000,0x00000021e9b00000)]
  0x00000129a9a4e9d0 JavaThread "Reconciler-1" daemon [_thread_blocked, id=19068, stack(0x00000021e9c00000,0x00000021e9d00000)]

Other Threads:
=>0x00000129a3e6f310 VMThread "VM Thread" [stack: 0x00000021e7e00000,0x00000021e7f00000] [id=5000]
  0x00000129a82f7420 WatcherThread [stack: 0x00000021e8800000,0x00000021e8900000] [id=16068]
  0x0000012999976790 GCTaskThread "GC Thread#0" [stack: 0x00000021e7900000,0x00000021e7a00000] [id=1696]
  0x00000129a822ea50 GCTaskThread "GC Thread#1" [stack: 0x00000021e8a00000,0x00000021e8b00000] [id=12148]
  0x00000129a81beca0 GCTaskThread "GC Thread#2" [stack: 0x00000021e8b00000,0x00000021e8c00000] [id=18096]
  0x00000129a84703a0 GCTaskThread "GC Thread#3" [stack: 0x00000021e8d00000,0x00000021e8e00000] [id=6276]
  0x000001299997f6e0 ConcurrentGCThread "G1 Main Marker" [stack: 0x00000021e7a00000,0x00000021e7b00000] [id=7064]
  0x0000012999980100 ConcurrentGCThread "G1 Conc#0" [stack: 0x00000021e7b00000,0x00000021e7c00000] [id=15856]
  0x00000129999ccd50 ConcurrentGCThread "G1 Refine#0" [stack: 0x00000021e7c00000,0x00000021e7d00000] [id=4252]
  0x00000129999cd780 ConcurrentGCThread "G1 Service" [stack: 0x00000021e7d00000,0x00000021e7e00000] [id=18492]

Threads with active compile tasks:

VM state: at safepoint (normal execution)

VM Mutex/Monitor currently owned by a thread:  ([mutex/lock_event])
[0x00000129976dda90] Threads_lock - owner thread: 0x00000129a3e6f310
[0x0000012999937fe0] Heap_lock - owner thread: 0x00000129a8959020

Heap address: 0x00000000c0000000, size: 1024 MB, Compressed Oops mode: 32-bit

CDS archive(s) not mapped
Compressed class space mapped at: 0x0000000100000000-0x0000000140000000, reserved size: 1073741824
Narrow klass base: 0x0000000000000000, Narrow klass shift: 3, Narrow klass range: 0x140000000

GC Precious Log:
 CPUs: 4 total, 4 available
 Memory: 3996M
 Large Page Support: Disabled
 NUMA Support: Disabled
 Compressed Oops: Enabled (32-bit)
 Heap Region Size: 1M
 Heap Min Capacity: 8M
 Heap Initial Capacity: 64M
 Heap Max Capacity: 1G
 Pre-touch: Disabled
 Parallel Workers: 4
 Concurrent Workers: 1
 Concurrent Refinement Workers: 4
 Periodic GC: Disabled

Heap:
 garbage-first heap   total 86016K, used 24811K [0x00000000c0000000, 0x0000000100000000)
  region size 1024K, 1 young (1024K), 0 survivors (0K)
 Metaspace       used 39371K, committed 39872K, reserved 1114112K
  class space    used 5219K, committed 5440K, reserved 1048576K

Heap Regions: E=young(eden), S=young(survivor), O=old, HS=humongous(starts), HC=humongous(continues), CS=collection set, F=free, OA=open archive, CA=closed archive, TAMS=top-at-mark-start (previous, next)
|   0|0x00000000c0000000, 0x00000000c0100000, 0x00000000c0100000|100%|HS|  |TAMS 0x00000000c0100000, 0x00000000c0000000| Untracked 
|   1|0x00000000c0100000, 0x00000000c0200000, 0x00000000c0200000|100%|HC|  |TAMS 0x00000000c0200000, 0x00000000c0100000| Untracked 
|   2|0x00000000c0200000, 0x00000000c0300000, 0x00000000c0300000|100%|HC|  |TAMS 0x00000000c0300000, 0x00000000c0200000| Untracked 
|   3|0x00000000c0300000, 0x00000000c0400000, 0x00000000c0400000|100%|HC|  |TAMS 0x00000000c0400000, 0x00000000c0300000| Untracked 
|   4|0x00000000c0400000, 0x00000000c0500000, 0x00000000c0500000|100%| O|  |TAMS 0x00000000c0500000, 0x00000000c0400000| Untracked 
|   5|0x00000000c0500000, 0x00000000c05fffe8, 0x00000000c0600000| 99%| O|  |TAMS 0x00000000c05fffe8, 0x00000000c0500000| Untracked 
|   6|0x00000000c0600000, 0x00000000c06fffe8, 0x00000000c0700000| 99%| O|  |TAMS 0x00000000c06fffe8, 0x00000000c0600000| Untracked 
|   7|0x00000000c0700000, 0x00000000c07ffa10, 0x00000000c0800000| 99%| O|  |TAMS 0x00000000c07ffa10, 0x00000000c0700000| Untracked 
|   8|0x00000000c0800000, 0x00000000c0900000, 0x00000000c0900000|100%| O|  |TAMS 0x00000000c0900000, 0x00000000c0800000| Untracked 
|   9|0x00000000c0900000, 0x00000000c0a00000, 0x00000000c0a00000|100%| O|  |TAMS 0x00000000c0a00000, 0x00000000c0900000| Untracked 
|  10|0x00000000c0a00000, 0x00000000c0b00000, 0x00000000c0b00000|100%|HS|  |TAMS 0x00000000c0b00000, 0x00000000c0a00000| Untracked 
|  11|0x00000000c0b00000, 0x00000000c0c00000, 0x00000000c0c00000|100%|HC|  |TAMS 0x00000000c0c00000, 0x00000000c0b00000| Untracked 
|  12|0x00000000c0c00000, 0x00000000c0d00000, 0x00000000c0d00000|100%| O|  |TAMS 0x00000000c0d00000, 0x00000000c0c00000| Untracked 
|  13|0x00000000c0d00000, 0x00000000c0dffff8, 0x00000000c0e00000| 99%| O|  |TAMS 0x00000000c0dffff8, 0x00000000c0d00000| Untracked 
|  14|0x00000000c0e00000, 0x00000000c0efef30, 0x00000000c0f00000| 99%| O|  |TAMS 0x00000000c0efef30, 0x00000000c0e00000| Untracked 
|  15|0x00000000c0f00000, 0x00000000c0ffffd0, 0x00000000c1000000| 99%| O|  |TAMS 0x00000000c0ffffd0, 0x00000000c0f00000| Untracked 
|  16|0x00000000c1000000, 0x00000000c10fffb0, 0x00000000c1100000| 99%| O|  |TAMS 0x00000000c10fffb0, 0x00000000c1000000| Untracked 
|  17|0x00000000c1100000, 0x00000000c1200000, 0x00000000c1200000|100%| O|  |TAMS 0x00000000c1200000, 0x00000000c1100000| Untracked 
|  18|0x00000000c1200000, 0x00000000c12ffff8, 0x00000000c1300000| 99%| O|  |TAMS 0x00000000c12ffff8, 0x00000000c1200000| Untracked 
|  19|0x00000000c1300000, 0x00000000c13ffff0, 0x00000000c1400000| 99%| O|  |TAMS 0x00000000c13ffff0, 0x00000000c1300000| Untracked 
|  20|0x00000000c1400000, 0x00000000c14fffa8, 0x00000000c1500000| 99%| O|  |TAMS 0x00000000c14fffa8, 0x00000000c1400000| Untracked 
|  21|0x00000000c1500000, 0x00000000c15ffff0, 0x00000000c1600000| 99%| O|  |TAMS 0x00000000c15ffff0, 0x00000000c1500000| Untracked 
|  22|0x00000000c1600000, 0x00000000c1700000, 0x00000000c1700000|100%| O|  |TAMS 0x00000000c1700000, 0x00000000c1600000| Untracked 
|  23|0x00000000c1700000, 0x00000000c17ffff0, 0x00000000c1800000| 99%| O|  |TAMS 0x00000000c17ffff0, 0x00000000c1700000| Untracked 
|  24|0x00000000c1800000, 0x00000000c183c418, 0x00000000c1900000| 23%| O|  |TAMS 0x00000000c1800000, 0x00000000c1800000| Untracked 
|  25|0x00000000c1900000, 0x00000000c1900068, 0x00000000c1a00000|  0%| O|  |TAMS 0x00000000c1900000, 0x00000000c1900000| Untracked 
|  26|0x00000000c1a00000, 0x00000000c1a00000, 0x00000000c1b00000|  0%| F|  |TAMS 0x00000000c1a00000, 0x00000000c1a00000| Untracked 
|  27|0x00000000c1b00000, 0x00000000c1b00000, 0x00000000c1c00000|  0%| F|  |TAMS 0x00000000c1b00000, 0x00000000c1b00000| Untracked 
|  28|0x00000000c1c00000, 0x00000000c1c00000, 0x00000000c1d00000|  0%| F|  |TAMS 0x00000000c1c00000, 0x00000000c1c00000| Untracked 
|  29|0x00000000c1d00000, 0x00000000c1d00000, 0x00000000c1e00000|  0%| F|  |TAMS 0x00000000c1d00000, 0x00000000c1d00000| Untracked 
|  30|0x00000000c1e00000, 0x00000000c1e00000, 0x00000000c1f00000|  0%| F|  |TAMS 0x00000000c1e00000, 0x00000000c1e00000| Untracked 
|  31|0x00000000c1f00000, 0x00000000c1f00000, 0x00000000c2000000|  0%| F|  |TAMS 0x00000000c1f00000, 0x00000000c1f00000| Untracked 
|  32|0x00000000c2000000, 0x00000000c2000000, 0x00000000c2100000|  0%| F|  |TAMS 0x00000000c2000000, 0x00000000c2000000| Untracked 
|  33|0x00000000c2100000, 0x00000000c2100000, 0x00000000c2200000|  0%| F|  |TAMS 0x00000000c2100000, 0x00000000c2100000| Untracked 
|  34|0x00000000c2200000, 0x00000000c2200000, 0x00000000c2300000|  0%| F|  |TAMS 0x00000000c2200000, 0x00000000c2200000| Untracked 
|  35|0x00000000c2300000, 0x00000000c2300000, 0x00000000c2400000|  0%| F|  |TAMS 0x00000000c2300000, 0x00000000c2300000| Untracked 
|  36|0x00000000c2400000, 0x00000000c2400000, 0x00000000c2500000|  0%| F|  |TAMS 0x00000000c2400000, 0x00000000c2400000| Untracked 
|  37|0x00000000c2500000, 0x00000000c2500000, 0x00000000c2600000|  0%| F|  |TAMS 0x00000000c2500000, 0x00000000c2500000| Untracked 
|  38|0x00000000c2600000, 0x00000000c2600000, 0x00000000c2700000|  0%| F|  |TAMS 0x00000000c2600000, 0x00000000c2600000| Untracked 
|  39|0x00000000c2700000, 0x00000000c2700000, 0x00000000c2800000|  0%| F|  |TAMS 0x00000000c2700000, 0x00000000c2700000| Untracked 
|  40|0x00000000c2800000, 0x00000000c2800000, 0x00000000c2900000|  0%| F|  |TAMS 0x00000000c2800000, 0x00000000c2800000| Untracked 
|  41|0x00000000c2900000, 0x00000000c2900000, 0x00000000c2a00000|  0%| F|  |TAMS 0x00000000c2900000, 0x00000000c2900000| Untracked 
|  42|0x00000000c2a00000, 0x00000000c2a00000, 0x00000000c2b00000|  0%| F|  |TAMS 0x00000000c2a00000, 0x00000000c2a00000| Untracked 
|  43|0x00000000c2b00000, 0x00000000c2b00000, 0x00000000c2c00000|  0%| F|  |TAMS 0x00000000c2b00000, 0x00000000c2b00000| Untracked 
|  44|0x00000000c2c00000, 0x00000000c2c00000, 0x00000000c2d00000|  0%| F|  |TAMS 0x00000000c2c00000, 0x00000000c2c00000| Untracked 
|  45|0x00000000c2d00000, 0x00000000c2d00000, 0x00000000c2e00000|  0%| F|  |TAMS 0x00000000c2d00000, 0x00000000c2d00000| Untracked 
|  46|0x00000000c2e00000, 0x00000000c2e00000, 0x00000000c2f00000|  0%| F|  |TAMS 0x00000000c2e00000, 0x00000000c2e00000| Untracked 
|  47|0x00000000c2f00000, 0x00000000c2f00000, 0x00000000c3000000|  0%| F|  |TAMS 0x00000000c2f00000, 0x00000000c2f00000| Untracked 
|  48|0x00000000c3000000, 0x00000000c3000000, 0x00000000c3100000|  0%| F|  |TAMS 0x00000000c3000000, 0x00000000c3000000| Untracked 
|  49|0x00000000c3100000, 0x00000000c3100000, 0x00000000c3200000|  0%| F|  |TAMS 0x00000000c3100000, 0x00000000c3100000| Untracked 
|  50|0x00000000c3200000, 0x00000000c3200000, 0x00000000c3300000|  0%| F|  |TAMS 0x00000000c3200000, 0x00000000c3200000| Untracked 
|  51|0x00000000c3300000, 0x00000000c3300000, 0x00000000c3400000|  0%| F|  |TAMS 0x00000000c3300000, 0x00000000c3300000| Untracked 
|  52|0x00000000c3400000, 0x00000000c3400000, 0x00000000c3500000|  0%| F|  |TAMS 0x00000000c3400000, 0x00000000c3400000| Untracked 
|  53|0x00000000c3500000, 0x00000000c3500000, 0x00000000c3600000|  0%| F|  |TAMS 0x00000000c3500000, 0x00000000c3500000| Untracked 
|  54|0x00000000c3600000, 0x00000000c3600000, 0x00000000c3700000|  0%| F|  |TAMS 0x00000000c3600000, 0x00000000c3600000| Untracked 
|  55|0x00000000c3700000, 0x00000000c3700000, 0x00000000c3800000|  0%| F|  |TAMS 0x00000000c3700000, 0x00000000c3700000| Untracked 
|  56|0x00000000c3800000, 0x00000000c3800000, 0x00000000c3900000|  0%| F|  |TAMS 0x00000000c3800000, 0x00000000c3800000| Untracked 
|  57|0x00000000c3900000, 0x00000000c3900000, 0x00000000c3a00000|  0%| F|  |TAMS 0x00000000c3900000, 0x00000000c3900000| Untracked 
|  58|0x00000000c3a00000, 0x00000000c3a00000, 0x00000000c3b00000|  0%| F|  |TAMS 0x00000000c3a00000, 0x00000000c3a00000| Untracked 
|  59|0x00000000c3b00000, 0x00000000c3b00000, 0x00000000c3c00000|  0%| F|  |TAMS 0x00000000c3b00000, 0x00000000c3b00000| Untracked 
|  60|0x00000000c3c00000, 0x00000000c3c00000, 0x00000000c3d00000|  0%| F|  |TAMS 0x00000000c3c00000, 0x00000000c3c00000| Untracked 
|  61|0x00000000c3d00000, 0x00000000c3d00000, 0x00000000c3e00000|  0%| F|  |TAMS 0x00000000c3d00000, 0x00000000c3d00000| Untracked 
|  62|0x00000000c3e00000, 0x00000000c3e00000, 0x00000000c3f00000|  0%| F|  |TAMS 0x00000000c3e00000, 0x00000000c3e00000| Untracked 
|  63|0x00000000c3f00000, 0x00000000c3f00000, 0x00000000c4000000|  0%| F|  |TAMS 0x00000000c3f00000, 0x00000000c3f00000| Untracked 
|  64|0x00000000c4000000, 0x00000000c4000000, 0x00000000c4100000|  0%| F|  |TAMS 0x00000000c4000000, 0x00000000c4000000| Untracked 
|  65|0x00000000c4100000, 0x00000000c4100000, 0x00000000c4200000|  0%| F|  |TAMS 0x00000000c4100000, 0x00000000c4100000| Untracked 
|  66|0x00000000c4200000, 0x00000000c4200000, 0x00000000c4300000|  0%| F|  |TAMS 0x00000000c4200000, 0x00000000c4200000| Untracked 
|  67|0x00000000c4300000, 0x00000000c4300000, 0x00000000c4400000|  0%| F|  |TAMS 0x00000000c4300000, 0x00000000c4300000| Untracked 
|  68|0x00000000c4400000, 0x00000000c4400000, 0x00000000c4500000|  0%| F|  |TAMS 0x00000000c4400000, 0x00000000c4400000| Untracked 
|  69|0x00000000c4500000, 0x00000000c4500000, 0x00000000c4600000|  0%| F|  |TAMS 0x00000000c4500000, 0x00000000c4500000| Untracked 
|  70|0x00000000c4600000, 0x00000000c4600000, 0x00000000c4700000|  0%| F|  |TAMS 0x00000000c4600000, 0x00000000c4600000| Untracked 
|  71|0x00000000c4700000, 0x00000000c4700000, 0x00000000c4800000|  0%| F|  |TAMS 0x00000000c4700000, 0x00000000c4700000| Untracked 
|  72|0x00000000c4800000, 0x00000000c4800000, 0x00000000c4900000|  0%| F|  |TAMS 0x00000000c4800000, 0x00000000c4800000| Untracked 
|  73|0x00000000c4900000, 0x00000000c4900000, 0x00000000c4a00000|  0%| F|  |TAMS 0x00000000c4900000, 0x00000000c4900000| Untracked 
|  74|0x00000000c4a00000, 0x00000000c4a00000, 0x00000000c4b00000|  0%| F|  |TAMS 0x00000000c4a00000, 0x00000000c4a00000| Untracked 
|  75|0x00000000c4b00000, 0x00000000c4b00000, 0x00000000c4c00000|  0%| F|  |TAMS 0x00000000c4b00000, 0x00000000c4b00000| Untracked 
|  76|0x00000000c4c00000, 0x00000000c4c00000, 0x00000000c4d00000|  0%| F|  |TAMS 0x00000000c4c00000, 0x00000000c4c00000| Untracked 
|  77|0x00000000c4d00000, 0x00000000c4d00000, 0x00000000c4e00000|  0%| F|  |TAMS 0x00000000c4d00000, 0x00000000c4d00000| Untracked 
|  78|0x00000000c4e00000, 0x00000000c4e00000, 0x00000000c4f00000|  0%| F|  |TAMS 0x00000000c4e00000, 0x00000000c4e00000| Untracked 
|  79|0x00000000c4f00000, 0x00000000c4f00000, 0x00000000c5000000|  0%| F|  |TAMS 0x00000000c4f00000, 0x00000000c4f00000| Untracked 
|  80|0x00000000c5000000, 0x00000000c5000000, 0x00000000c5100000|  0%| F|  |TAMS 0x00000000c5000000, 0x00000000c5000000| Untracked 
|  81|0x00000000c5100000, 0x00000000c5100000, 0x00000000c5200000|  0%| F|  |TAMS 0x00000000c5100000, 0x00000000c5100000| Untracked 
|  82|0x00000000c5200000, 0x00000000c5200000, 0x00000000c5300000|  0%| F|  |TAMS 0x00000000c5200000, 0x00000000c5200000| Untracked 
|  83|0x00000000c5300000, 0x00000000c535c2b8, 0x00000000c5400000| 36%| E|  |TAMS 0x00000000c5300000, 0x00000000c5300000| Complete 

Card table byte_map: [0x000001299f5d0000,0x000001299f7d0000] _byte_map_base: 0x000001299efd0000

Marking Bits (Prev, Next): (CMBitMap*) 0x0000012999976df0, (CMBitMap*) 0x0000012999976db0
 Prev Bits: [0x00000129a09d0000, 0x00000129a19d0000)
 Next Bits: [0x000001299f9d0000, 0x00000129a09d0000)

Polling page: 0x0000012997670000

Metaspace:

Usage:
  Non-class:     33.35 MB used.
      Class:      5.10 MB used.
       Both:     38.45 MB used.

Virtual space:
  Non-class space:       64.00 MB reserved,      33.62 MB ( 53%) committed,  1 nodes.
      Class space:        1.00 GB reserved,       5.31 MB ( <1%) committed,  1 nodes.
             Both:        1.06 GB reserved,      38.94 MB (  4%) committed. 

Chunk freelists:
   Non-Class:  14.49 MB
       Class:  10.71 MB
        Both:  25.20 MB

MaxMetaspaceSize: unlimited
CompressedClassSpaceSize: 1.00 GB
Initial GC threshold: 21.00 MB
Current GC threshold: 64.94 MB
CDS: off
MetaspaceReclaimPolicy: balanced
 - commit_granule_bytes: 65536.
 - commit_granule_words: 8192.
 - virtual_space_node_default_size: 8388608.
 - enlarge_chunks_in_place: 1.
 - new_chunks_are_fully_committed: 0.
 - uncommit_free_chunks: 1.
 - use_allocation_guard: 0.
 - handle_deallocations: 1.


Internal statistics:

num_allocs_failed_limit: 8.
num_arena_births: 514.
num_arena_deaths: 158.
num_vsnodes_births: 2.
num_vsnodes_deaths: 0.
num_space_committed: 623.
num_space_uncommitted: 0.
num_chunks_returned_to_freelist: 180.
num_chunks_taken_from_freelist: 1685.
num_chunk_merges: 54.
num_chunk_splits: 1160.
num_chunks_enlarged: 890.
num_inconsistent_stats: 0.

CodeCache: size=49152Kb used=7148Kb max_used=7898Kb free=42004Kb
 bounds [0x000001299c5d0000, 0x000001299cd90000, 0x000001299f5d0000]
 total_blobs=4411 nmethods=3864 adapters=474
 compilation: enabled
              stopped_count=0, restarted_count=0
 full_count=0

Compilation events (20 events):
Event: 61878.798 Thread 0x00000129a3ebb410 3855       1       org.eclipse.lsp4j.TextDocumentIdentifier::getUri (5 bytes)
Event: 61878.808 Thread 0x00000129a3ebb410 nmethod 3855 0x000001299c7ced90 code [0x000001299c7cef20, 0x000001299c7ceff8]
Event: 62103.756 Thread 0x00000129a3ebb410 3858       1       java.time.Instant::getEpochSecond (5 bytes)
Event: 62103.763 Thread 0x00000129a3ebb410 nmethod 3858 0x000001299c7ce490 code [0x000001299c7ce620, 0x000001299c7ce6f8]
Event: 62103.764 Thread 0x00000129a3ebb410 3860       1       java.lang.ThreadLocal$ThreadLocalMap::getEntryAfterMiss (59 bytes)
Event: 62103.782 Thread 0x00000129a3ebb410 nmethod 3860 0x000001299c7cdf10 code [0x000001299c7ce0e0, 0x000001299c7ce328]
Event: 62103.782 Thread 0x00000129a3ebb410 3859       1       java.lang.Long::valueOf (40 bytes)
Event: 62103.784 Thread 0x00000129a3ebb410 nmethod 3859 0x000001299c7cdb10 code [0x000001299c7cdca0, 0x000001299c7cde38]
Event: 62103.784 Thread 0x00000129a3ebb410 3861       1       java.lang.ThreadLocal::setInitialValue (50 bytes)
Event: 62103.793 Thread 0x00000129a3ebb410 nmethod 3861 0x000001299c7cd490 code [0x000001299c7cd680, 0x000001299c7cd938]
Event: 69340.791 Thread 0x00000129a3ebb410 3862       1       java.math.BigDecimal::valueOf (57 bytes)
Event: 69340.853 Thread 0x00000129a3ebb410 nmethod 3862 0x000001299c7ccf10 code [0x000001299c7cd0c0, 0x000001299c7cd378]
Event: 69480.552 Thread 0x00000129a3ebb410 3863       1       com.google.gson.stream.JsonReader::push (76 bytes)
Event: 69480.597 Thread 0x00000129a3ebb410 nmethod 3863 0x000001299c7cc590 code [0x000001299c7cc760, 0x000001299c7cccc8]
Event: 69480.610 Thread 0x00000129a3ebb410 3864       1       java.lang.ThreadLocal$ThreadLocalMap::cleanSomeSlots (61 bytes)
Event: 69480.625 Thread 0x00000129a3ebb410 nmethod 3864 0x000001299c7cc090 code [0x000001299c7cc240, 0x000001299c7cc418]
Event: 69480.626 Thread 0x00000129a3ebb410 3865       1       java.lang.Long::stringSize (55 bytes)
Event: 69480.627 Thread 0x00000129a3ebb410 nmethod 3865 0x000001299c7cbd10 code [0x000001299c7cbea0, 0x000001299c7cbff8]
Event: 69480.628 Thread 0x00000129a3ebb410 3866       1       java.lang.Long::getChars (208 bytes)
Event: 69480.631 Thread 0x00000129a3ebb410 nmethod 3866 0x000001299c7cb490 code [0x000001299c7cb660, 0x000001299c7cba38]

GC Heap History (20 events):
Event: 70494.472 GC heap before
{Heap before GC invocations=1659 (full 1647):
 garbage-first heap   total 86016K, used 24811K [0x00000000c0000000, 0x0000000100000000)
  region size 1024K, 1 young (1024K), 0 survivors (0K)
 Metaspace       used 39371K, committed 39872K, reserved 1114112K
  class space    used 5219K, committed 5440K, reserved 1048576K
}
Event: 70494.531 GC heap after
{Heap after GC invocations=1660 (full 1648):
 garbage-first heap   total 86016K, used 24811K [0x00000000c0000000, 0x0000000100000000)
  region size 1024K, 0 young (0K), 0 survivors (0K)
 Metaspace       used 39371K, committed 39872K, reserved 1114112K
  class space    used 5219K, committed 5440K, reserved 1048576K
}
Event: 70504.819 GC heap before
{Heap before GC invocations=1660 (full 1648):
 garbage-first heap   total 86016K, used 24811K [0x00000000c0000000, 0x0000000100000000)
  region size 1024K, 1 young (1024K), 0 survivors (0K)
 Metaspace       used 39371K, committed 39872K, reserved 1114112K
  class space    used 5219K, committed 5440K, reserved 1048576K
}
Event: 70504.868 GC heap after
{Heap after GC invocations=1661 (full 1649):
 garbage-first heap   total 86016K, used 24811K [0x00000000c0000000, 0x0000000100000000)
  region size 1024K, 0 young (0K), 0 survivors (0K)
 Metaspace       used 39371K, committed 39872K, reserved 1114112K
  class space    used 5219K, committed 5440K, reserved 1048576K
}
Event: 70515.270 GC heap before
{Heap before GC invocations=1661 (full 1649):
 garbage-first heap   total 86016K, used 24811K [0x00000000c0000000, 0x0000000100000000)
  region size 1024K, 1 young (1024K), 0 survivors (0K)
 Metaspace       used 39371K, committed 39872K, reserved 1114112K
  class space    used 5219K, committed 5440K, reserved 1048576K
}
Event: 70515.324 GC heap after
{Heap after GC invocations=1662 (full 1650):
 garbage-first heap   total 86016K, used 24811K [0x00000000c0000000, 0x0000000100000000)
  region size 1024K, 0 young (0K), 0 survivors (0K)
 Metaspace       used 39371K, committed 39872K, reserved 1114112K
  class space    used 5219K, committed 5440K, reserved 1048576K
}
Event: 70525.671 GC heap before
{Heap before GC invocations=1662 (full 1650):
 garbage-first heap   total 86016K, used 24811K [0x00000000c0000000, 0x0000000100000000)
  region size 1024K, 1 young (1024K), 0 survivors (0K)
 Metaspace       used 39371K, committed 39872K, reserved 1114112K
  class space    used 5219K, committed 5440K, reserved 1048576K
}
Event: 70525.719 GC heap after
{Heap after GC invocations=1663 (full 1651):
 garbage-first heap   total 86016K, used 24811K [0x00000000c0000000, 0x0000000100000000)
  region size 1024K, 0 young (0K), 0 survivors (0K)
 Metaspace       used 39371K, committed 39872K, reserved 1114112K
  class space    used 5219K, committed 5440K, reserved 1048576K
}
Event: 70536.013 GC heap before
{Heap before GC invocations=1663 (full 1651):
 garbage-first heap   total 86016K, used 24811K [0x00000000c0000000, 0x0000000100000000)
  region size 1024K, 1 young (1024K), 0 survivors (0K)
 Metaspace       used 39371K, committed 39872K, reserved 1114112K
  class space    used 5219K, committed 5440K, reserved 1048576K
}
Event: 70536.054 GC heap after
{Heap after GC invocations=1664 (full 1652):
 garbage-first heap   total 86016K, used 24811K [0x00000000c0000000, 0x0000000100000000)
  region size 1024K, 0 young (0K), 0 survivors (0K)
 Metaspace       used 39371K, committed 39872K, reserved 1114112K
  class space    used 5219K, committed 5440K, reserved 1048576K
}
Event: 70546.324 GC heap before
{Heap before GC invocations=1664 (full 1652):
 garbage-first heap   total 86016K, used 24811K [0x00000000c0000000, 0x0000000100000000)
  region size 1024K, 1 young (1024K), 0 survivors (0K)
 Metaspace       used 39371K, committed 39872K, reserved 1114112K
  class space    used 5219K, committed 5440K, reserved 1048576K
}
Event: 70546.356 GC heap after
{Heap after GC invocations=1665 (full 1653):
 garbage-first heap   total 86016K, used 24811K [0x00000000c0000000, 0x0000000100000000)
  region size 1024K, 0 young (0K), 0 survivors (0K)
 Metaspace       used 39371K, committed 39872K, reserved 1114112K
  class space    used 5219K, committed 5440K, reserved 1048576K
}
Event: 70556.691 GC heap before
{Heap before GC invocations=1665 (full 1653):
 garbage-first heap   total 86016K, used 24811K [0x00000000c0000000, 0x0000000100000000)
  region size 1024K, 1 young (1024K), 0 survivors (0K)
 Metaspace       used 39371K, committed 39872K, reserved 1114112K
  class space    used 5219K, committed 5440K, reserved 1048576K
}
Event: 70556.743 GC heap after
{Heap after GC invocations=1666 (full 1654):
 garbage-first heap   total 86016K, used 24811K [0x00000000c0000000, 0x0000000100000000)
  region size 1024K, 0 young (0K), 0 survivors (0K)
 Metaspace       used 39371K, committed 39872K, reserved 1114112K
  class space    used 5219K, committed 5440K, reserved 1048576K
}
Event: 70567.058 GC heap before
{Heap before GC invocations=1666 (full 1654):
 garbage-first heap   total 86016K, used 24811K [0x00000000c0000000, 0x0000000100000000)
  region size 1024K, 1 young (1024K), 0 survivors (0K)
 Metaspace       used 39371K, committed 39872K, reserved 1114112K
  class space    used 5219K, committed 5440K, reserved 1048576K
}
Event: 70567.105 GC heap after
{Heap after GC invocations=1667 (full 1655):
 garbage-first heap   total 86016K, used 24811K [0x00000000c0000000, 0x0000000100000000)
  region size 1024K, 0 young (0K), 0 survivors (0K)
 Metaspace       used 39371K, committed 39872K, reserved 1114112K
  class space    used 5219K, committed 5440K, reserved 1048576K
}
Event: 70577.451 GC heap before
{Heap before GC invocations=1667 (full 1655):
 garbage-first heap   total 86016K, used 24811K [0x00000000c0000000, 0x0000000100000000)
  region size 1024K, 1 young (1024K), 0 survivors (0K)
 Metaspace       used 39371K, committed 39872K, reserved 1114112K
  class space    used 5219K, committed 5440K, reserved 1048576K
}
Event: 70577.507 GC heap after
{Heap after GC invocations=1668 (full 1656):
 garbage-first heap   total 86016K, used 24811K [0x00000000c0000000, 0x0000000100000000)
  region size 1024K, 0 young (0K), 0 survivors (0K)
 Metaspace       used 39371K, committed 39872K, reserved 1114112K
  class space    used 5219K, committed 5440K, reserved 1048576K
}
Event: 70587.857 GC heap before
{Heap before GC invocations=1668 (full 1656):
 garbage-first heap   total 86016K, used 24811K [0x00000000c0000000, 0x0000000100000000)
  region size 1024K, 1 young (1024K), 0 survivors (0K)
 Metaspace       used 39371K, committed 39872K, reserved 1114112K
  class space    used 5219K, committed 5440K, reserved 1048576K
}
Event: 70587.906 GC heap after
{Heap after GC invocations=1669 (full 1657):
 garbage-first heap   total 86016K, used 24811K [0x00000000c0000000, 0x0000000100000000)
  region size 1024K, 0 young (0K), 0 survivors (0K)
 Metaspace       used 39371K, committed 39872K, reserved 1114112K
  class space    used 5219K, committed 5440K, reserved 1048576K
}

Dll operation events (8 events):
Event: 0.021 Loaded shared library c:\Users\befer\.vscode\extensions\redhat.java-1.31.0-win32-x64\jre\17.0.11-win32-x86_64\bin\java.dll
Event: 2.332 Loaded shared library C:\Users\befer\.vscode\extensions\redhat.java-1.31.0-win32-x64\jre\17.0.11-win32-x86_64\bin\net.dll
Event: 2.354 Loaded shared library C:\Users\befer\.vscode\extensions\redhat.java-1.31.0-win32-x64\jre\17.0.11-win32-x86_64\bin\nio.dll
Event: 5.493 Loaded shared library C:\Users\befer\.vscode\extensions\redhat.java-1.31.0-win32-x64\jre\17.0.11-win32-x86_64\bin\zip.dll
Event: 22.760 Loaded shared library C:\Users\befer\.vscode\extensions\redhat.java-1.31.0-win32-x64\jre\17.0.11-win32-x86_64\bin\jimage.dll
Event: 26.620 Loaded shared library c:\Users\befer\.vscode\extensions\redhat.java-1.31.0-win32-x64\jre\17.0.11-win32-x86_64\bin\verify.dll
Event: 35.769 Loaded shared library C:\Users\befer\.vscode\extensions\redhat.java-1.31.0-win32-x64\jre\17.0.11-win32-x86_64\bin\management.dll
Event: 35.775 Loaded shared library C:\Users\befer\.vscode\extensions\redhat.java-1.31.0-win32-x64\jre\17.0.11-win32-x86_64\bin\management_ext.dll

Deoptimization events (6 events):
Event: 36.538 Thread 0x00000129a9892180 DEOPT PACKING pc=0x000001299ca74181 sp=0x00000021e92fd8a0
Event: 36.538 Thread 0x00000129a9892180 DEOPT UNPACKING pc=0x000001299c627143 sp=0x00000021e92fcd30 mode 3
Event: 36.581 Thread 0x00000129a99fffb0 DEOPT PACKING pc=0x000001299ca55b17 sp=0x00000021e96feec0
Event: 36.581 Thread 0x00000129a99fffb0 DEOPT UNPACKING pc=0x000001299c627143 sp=0x00000021e96fe318 mode 3
Event: 59367.882 Thread 0x00000129a9892180 DEOPT PACKING pc=0x000001299cb53c54 sp=0x00000021e92feba0
Event: 59367.898 Thread 0x00000129a9892180 DEOPT UNPACKING pc=0x000001299c627143 sp=0x00000021e92fe048 mode 0

Classes unloaded (20 events):
Event: 118.006 Thread 0x00000129a3e6f310 Unloading class 0x0000000100095c00 'java/lang/invoke/LambdaForm$MH+0x0000000100095c00'
Event: 118.006 Thread 0x00000129a3e6f310 Unloading class 0x0000000100095800 'java/lang/invoke/LambdaForm$MH+0x0000000100095800'
Event: 118.006 Thread 0x00000129a3e6f310 Unloading class 0x0000000100095400 'java/lang/invoke/LambdaForm$MH+0x0000000100095400'
Event: 118.006 Thread 0x00000129a3e6f310 Unloading class 0x0000000100095000 'java/lang/invoke/LambdaForm$MH+0x0000000100095000'
Event: 118.006 Thread 0x00000129a3e6f310 Unloading class 0x0000000100094c00 'java/lang/invoke/LambdaForm$MH+0x0000000100094c00'
Event: 118.006 Thread 0x00000129a3e6f310 Unloading class 0x0000000100094800 'java/lang/invoke/LambdaForm$MH+0x0000000100094800'
Event: 118.006 Thread 0x00000129a3e6f310 Unloading class 0x0000000100094400 'java/lang/invoke/LambdaForm$MH+0x0000000100094400'
Event: 118.006 Thread 0x00000129a3e6f310 Unloading class 0x000000010008e800 'java/lang/invoke/LambdaForm$MH+0x000000010008e800'
Event: 118.007 Thread 0x00000129a3e6f310 Unloading class 0x000000010008e400 'java/lang/invoke/LambdaForm$MH+0x000000010008e400'
Event: 118.007 Thread 0x00000129a3e6f310 Unloading class 0x000000010008e000 'java/lang/invoke/LambdaForm$MH+0x000000010008e000'
Event: 118.007 Thread 0x00000129a3e6f310 Unloading class 0x000000010008dc00 'java/lang/invoke/LambdaForm$MH+0x000000010008dc00'
Event: 118.007 Thread 0x00000129a3e6f310 Unloading class 0x000000010008d800 'java/lang/invoke/LambdaForm$MH+0x000000010008d800'
Event: 118.007 Thread 0x00000129a3e6f310 Unloading class 0x000000010008d400 'java/lang/invoke/LambdaForm$MH+0x000000010008d400'
Event: 118.007 Thread 0x00000129a3e6f310 Unloading class 0x000000010008cc00 'java/lang/invoke/LambdaForm$MH+0x000000010008cc00'
Event: 118.007 Thread 0x00000129a3e6f310 Unloading class 0x000000010008c800 'java/lang/invoke/LambdaForm$MH+0x000000010008c800'
Event: 118.007 Thread 0x00000129a3e6f310 Unloading class 0x000000010008c000 'java/lang/invoke/LambdaForm$MH+0x000000010008c000'
Event: 118.007 Thread 0x00000129a3e6f310 Unloading class 0x000000010008bc00 'java/lang/invoke/LambdaForm$MH+0x000000010008bc00'
Event: 62161.041 Thread 0x00000129a3e6f310 Unloading class 0x0000000100436000 'java/lang/invoke/LambdaForm$MH+0x0000000100436000'
Event: 62161.041 Thread 0x00000129a3e6f310 Unloading class 0x000000010048c400 'java/lang/invoke/LambdaForm$MH+0x000000010048c400'
Event: 62161.041 Thread 0x00000129a3e6f310 Unloading class 0x0000000100520400 'java/lang/invoke/LambdaForm$MH+0x0000000100520400'

Classes redefined (0 events):
No events

Internal exceptions (20 events):
Event: 31.131 Thread 0x0000012999939e70 Exception <a 'java/lang/NoSuchMethodError'{0x00000000c3c09720}: 'java.lang.Object java.lang.invoke.DirectMethodHandle$Holder.invokeSpecial(java.lang.Object, java.lang.Object, int, java.lang.Object, java.lang.Object)'> (0x00000000c3c09720) 
thrown [s\src\hotspot\share\interpreter\linkResolver.cpp, line 759]
Event: 31.131 Thread 0x0000012999939e70 Exception <a 'java/lang/NoSuchMethodError'{0x00000000c3c0d3c8}: 'java.lang.Object java.lang.invoke.DelegatingMethodHandle$Holder.delegate(java.lang.Object, int, java.lang.Object, java.lang.Object)'> (0x00000000c3c0d3c8) 
thrown [s\src\hotspot\share\interpreter\linkResolver.cpp, line 759]
Event: 31.132 Thread 0x0000012999939e70 Exception <a 'java/lang/NoSuchMethodError'{0x00000000c3c1e250}: 'int java.lang.invoke.Invokers$Holder.linkToTargetMethod(java.lang.Object, java.lang.Object, java.lang.Object)'> (0x00000000c3c1e250) 
thrown [s\src\hotspot\share\interpreter\linkResolver.cpp, line 759]
Event: 31.284 Thread 0x0000012999939e70 Exception <a 'java/lang/NoSuchMethodError'{0x00000000c37050f8}: 'java.lang.Object java.lang.invoke.DirectMethodHandle$Holder.invokeStaticInit(java.lang.Object, int, int, int, int)'> (0x00000000c37050f8) 
thrown [s\src\hotspot\share\interpreter\linkResolver.cpp, line 759]
Event: 31.361 Thread 0x0000012999939e70 Exception <a 'java/lang/NoSuchMethodError'{0x00000000c37c0d68}: 'java.lang.Object java.lang.invoke.DirectMethodHandle$Holder.invokeStaticInit(java.lang.Object, java.lang.Object, int, int, int, int)'> (0x00000000c37c0d68) 
thrown [s\src\hotspot\share\interpreter\linkResolver.cpp, line 759]
Event: 31.883 Thread 0x0000012999939e70 Exception <a 'java/lang/NoSuchMethodError'{0x00000000c2e56df0}: 'void java.lang.invoke.DirectMethodHandle$Holder.invokeSpecialIFC(java.lang.Object, java.lang.Object, java.lang.Object)'> (0x00000000c2e56df0) 
thrown [s\src\hotspot\share\interpreter\linkResolver.cpp, line 759]
Event: 33.709 Thread 0x0000012999939e70 Exception <a 'java/lang/NoSuchMethodError'{0x00000000c34b9b30}: 'int java.lang.invoke.DirectMethodHandle$Holder.invokeStaticInit(java.lang.Object, java.lang.Object, int, java.lang.Object)'> (0x00000000c34b9b30) 
thrown [s\src\hotspot\share\interpreter\linkResolver.cpp, line 759]
Event: 34.035 Thread 0x0000012999939e70 Exception <a 'java/lang/NoSuchMethodError'{0x00000000c33dec90}: 'void java.lang.invoke.DirectMethodHandle$Holder.invokeSpecial(java.lang.Object, java.lang.Object, java.lang.Object, java.lang.Object, java.lang.Object, java.lang.Object, java.lang.Object)'> (0x00000000c33dec90) 
thrown [s\src\hotspot\share\interpreter\linkResolver.cpp, line 759]
Event: 35.200 Thread 0x0000012999939e70 Exception <a 'java/lang/NoSuchMethodError'{0x00000000c2d07210}: 'java.lang.Object java.lang.invoke.DirectMethodHandle$Holder.invokeInterface(java.lang.Object, java.lang.Object, int)'> (0x00000000c2d07210) 
thrown [s\src\hotspot\share\interpreter\linkResolver.cpp, line 759]
Event: 35.204 Thread 0x0000012999939e70 Exception <a 'java/lang/IncompatibleClassChangeError'{0x00000000c2d1df98}: Found class java.lang.Object, but interface was expected> (0x00000000c2d1df98) 
thrown [s\src\hotspot\share\interpreter\linkResolver.cpp, line 826]
Event: 35.754 Thread 0x0000012999939e70 Exception <a 'java/lang/NoSuchMethodError'{0x00000000c5e47390}: 'java.lang.Object java.lang.invoke.DirectMethodHandle$Holder.newInvokeSpecial(java.lang.Object, java.lang.Object, int, java.lang.Object, java.lang.Object)'> (0x00000000c5e47390) 
thrown [s\src\hotspot\share\interpreter\linkResolver.cpp, line 759]
Event: 35.757 Thread 0x0000012999939e70 Exception <a 'java/lang/NoSuchMethodError'{0x00000000c5e5aa90}: 'java.lang.Object java.lang.invoke.DirectMethodHandle$Holder.invokeSpecial(java.lang.Object, java.lang.Object, int, java.lang.Object, int, java.lang.Object)'> (0x00000000c5e5aa90) 
thrown [s\src\hotspot\share\interpreter\linkResolver.cpp, line 759]
Event: 35.758 Thread 0x0000012999939e70 Exception <a 'java/lang/NoSuchMethodError'{0x00000000c5e62898}: 'java.lang.Object java.lang.invoke.DirectMethodHandle$Holder.newInvokeSpecial(java.lang.Object, java.lang.Object, int, java.lang.Object, int)'> (0x00000000c5e62898) 
thrown [s\src\hotspot\share\interpreter\linkResolver.cpp, line 759]
Event: 35.758 Thread 0x0000012999939e70 Exception <a 'java/lang/NoSuchMethodError'{0x00000000c5e66998}: 'java.lang.Object java.lang.invoke.DirectMethodHandle$Holder.invokeSpecial(java.lang.Object, java.lang.Object, java.lang.Object, int, java.lang.Object, int)'> (0x00000000c5e66998) 
thrown [s\src\hotspot\share\interpreter\linkResolver.cpp, line 759]
Event: 36.270 Thread 0x00000129a98e7040 Exception <a 'java/lang/NoSuchMethodError'{0x00000000c5326a48}: 'java.lang.Object java.lang.invoke.DirectMethodHandle$Holder.invokeStatic(java.lang.Object, int, java.lang.Object)'> (0x00000000c5326a48) 
thrown [s\src\hotspot\share\interpreter\linkResolver.cpp, line 759]
Event: 36.449 Thread 0x00000129a9892180 Exception <a 'java/lang/NoSuchMethodError'{0x00000000c53597e0}: 'java.lang.Object java.lang.invoke.DirectMethodHandle$Holder.invokeStatic(java.lang.Object, java.lang.Object, java.lang.Object, int, java.lang.Object, java.lang.Object)'> (0x00000000c53597e0) 
thrown [s\src\hotspot\share\interpreter\linkResolver.cpp, line 759]
Event: 37.368 Thread 0x00000129a9a4e9d0 Exception <a 'java/lang/NoSuchMethodError'{0x00000000c4a74420}: 'int java.lang.invoke.DirectMethodHandle$Holder.invokeStatic(java.lang.Object)'> (0x00000000c4a74420) 
thrown [s\src\hotspot\share\interpreter\linkResolver.cpp, line 759]
Event: 37.369 Thread 0x00000129a9a4e9d0 Exception <a 'java/lang/NoSuchMethodError'{0x00000000c4a77820}: 'int java.lang.invoke.DirectMethodHandle$Holder.invokeStaticInit(java.lang.Object)'> (0x00000000c4a77820) 
thrown [s\src\hotspot\share\interpreter\linkResolver.cpp, line 759]
Event: 75.766 Thread 0x00000129a8959020 Exception <a 'java/lang/NoSuchMethodError'{0x00000000c5f861d8}: 'void java.lang.invoke.DirectMethodHandle$Holder.invokeStatic(java.lang.Object, long)'> (0x00000000c5f861d8) 
thrown [s\src\hotspot\share\interpreter\linkResolver.cpp, line 759]
Event: 75.767 Thread 0x00000129a8959020 Exception <a 'java/lang/NoSuchMethodError'{0x00000000c5f8b580}: 'java.lang.Object java.lang.invoke.DirectMethodHandle$Holder.newInvokeSpecial(java.lang.Object, long)'> (0x00000000c5f8b580) 
thrown [s\src\hotspot\share\interpreter\linkResolver.cpp, line 759]

VM Operations (20 events):
Event: 70494.531 Executing VM operation: G1CollectFull done
Event: 70504.819 Executing VM operation: G1CollectFull
Event: 70504.868 Executing VM operation: G1CollectFull done
Event: 70515.269 Executing VM operation: G1CollectFull
Event: 70515.324 Executing VM operation: G1CollectFull done
Event: 70525.671 Executing VM operation: G1CollectFull
Event: 70525.720 Executing VM operation: G1CollectFull done
Event: 70536.013 Executing VM operation: G1CollectFull
Event: 70536.054 Executing VM operation: G1CollectFull done
Event: 70546.324 Executing VM operation: G1CollectFull
Event: 70546.356 Executing VM operation: G1CollectFull done
Event: 70556.691 Executing VM operation: G1CollectFull
Event: 70556.743 Executing VM operation: G1CollectFull done
Event: 70567.058 Executing VM operation: G1CollectFull
Event: 70567.106 Executing VM operation: G1CollectFull done
Event: 70577.451 Executing VM operation: G1CollectFull
Event: 70577.507 Executing VM operation: G1CollectFull done
Event: 70587.857 Executing VM operation: G1CollectFull
Event: 70587.906 Executing VM operation: G1CollectFull done
Event: 70597.985 Executing VM operation: G1CollectFull

Events (20 events):
Event: 75.768 loading class java/lang/ProcessImpl$2
Event: 75.768 loading class java/lang/ProcessImpl$2 done
Event: 75.768 loading class java/lang/Process$PipeInputStream
Event: 75.768 loading class java/lang/Process$PipeInputStream done
Event: 75.769 loading class jdk/internal/event/ProcessStartEvent
Event: 75.769 loading class jdk/internal/event/ProcessStartEvent done
Event: 76.037 loading class java/io/FileOutputStream$1
Event: 76.038 loading class java/io/FileOutputStream$1 done
Event: 96.842 Thread 0x00000129a9a50320 Thread exited: 0x00000129a9a50320
Event: 97.042 Thread 0x00000129a99ff590 Thread exited: 0x00000129a99ff590
Event: 59368.902 Thread 0x00000129a85c4e10 Thread added: 0x00000129a85c4e10
Event: 59372.206 Thread 0x00000129a85c4e10 Thread exited: 0x00000129a85c4e10
Event: 61878.744 Thread 0x00000129a9a4dfb0 Thread added: 0x00000129a9a4dfb0
Event: 61938.890 Thread 0x00000129a9a4dfb0 Thread exited: 0x00000129a9a4dfb0
Event: 62100.110 Thread 0x00000129a9a4f900 Thread added: 0x00000129a9a4f900
Event: 62170.780 Thread 0x00000129a9a4f900 Thread exited: 0x00000129a9a4f900
Event: 69340.648 Thread 0x00000129a9a4dfb0 Thread added: 0x00000129a9a4dfb0
Event: 69400.814 Thread 0x00000129a9a4dfb0 Thread exited: 0x00000129a9a4dfb0
Event: 69480.558 Thread 0x00000129a9a50830 Thread added: 0x00000129a9a50830
Event: 69540.647 Thread 0x00000129a9a50830 Thread exited: 0x00000129a9a50830


Dynamic libraries:
0x00007ff6e0c20000 - 0x00007ff6e0c2e000 	c:\Users\befer\.vscode\extensions\redhat.java-1.31.0-win32-x64\jre\17.0.11-win32-x86_64\bin\java.exe
0x00007fffdcd70000 - 0x00007fffdcf68000 	C:\Windows\SYSTEM32\ntdll.dll
0x00007fffdb900000 - 0x00007fffdb9bd000 	C:\Windows\System32\KERNEL32.DLL
0x00007fffda7c0000 - 0x00007fffdaab6000 	C:\Windows\System32\KERNELBASE.dll
0x00007fffdaca0000 - 0x00007fffdada0000 	C:\Windows\System32\ucrtbase.dll
0x00007fffd0ab0000 - 0x00007fffd0ac7000 	c:\Users\befer\.vscode\extensions\redhat.java-1.31.0-win32-x64\jre\17.0.11-win32-x86_64\bin\jli.dll
0x00007fffdae40000 - 0x00007fffdafdf000 	C:\Windows\System32\USER32.dll
0x00007fffda620000 - 0x00007fffda642000 	C:\Windows\System32\win32u.dll
0x00007fffdc640000 - 0x00007fffdc66b000 	C:\Windows\System32\GDI32.dll
0x00007fffc87e0000 - 0x00007fffc87fb000 	c:\Users\befer\.vscode\extensions\redhat.java-1.31.0-win32-x64\jre\17.0.11-win32-x86_64\bin\VCRUNTIME140.dll
0x00007fffda6a0000 - 0x00007fffda7b7000 	C:\Windows\System32\gdi32full.dll
0x00007fffda580000 - 0x00007fffda61d000 	C:\Windows\System32\msvcp_win.dll
0x00007fffbf470000 - 0x00007fffbf70a000 	C:\Windows\WinSxS\amd64_microsoft.windows.common-controls_6595b64144ccf1df_6.0.19041.4355_none_60b8b9eb71f62e16\COMCTL32.dll
0x00007fffdada0000 - 0x00007fffdae3e000 	C:\Windows\System32\msvcrt.dll
0x00007fffdcad0000 - 0x00007fffdcb02000 	C:\Windows\System32\IMM32.DLL
0x00007fffd28c0000 - 0x00007fffd28cc000 	c:\Users\befer\.vscode\extensions\redhat.java-1.31.0-win32-x64\jre\17.0.11-win32-x86_64\bin\vcruntime140_1.dll
0x00007fffb3f90000 - 0x00007fffb401d000 	c:\Users\befer\.vscode\extensions\redhat.java-1.31.0-win32-x64\jre\17.0.11-win32-x86_64\bin\msvcp140.dll
0x00007fff70840000 - 0x00007fff714a2000 	c:\Users\befer\.vscode\extensions\redhat.java-1.31.0-win32-x64\jre\17.0.11-win32-x86_64\bin\server\jvm.dll
0x00007fffdbe30000 - 0x00007fffdbee0000 	C:\Windows\System32\ADVAPI32.dll
0x00007fffdc6f0000 - 0x00007fffdc790000 	C:\Windows\System32\sechost.dll
0x00007fffdc380000 - 0x00007fffdc4a3000 	C:\Windows\System32\RPCRT4.dll
0x00007fffdac00000 - 0x00007fffdac27000 	C:\Windows\System32\bcrypt.dll
0x00007fffda270000 - 0x00007fffda2bb000 	C:\Windows\SYSTEM32\POWRPROF.dll
0x00007fffcf540000 - 0x00007fffcf549000 	C:\Windows\SYSTEM32\WSOCK32.dll
0x00007fffc0d10000 - 0x00007fffc0d37000 	C:\Windows\SYSTEM32\WINMM.dll
0x00007fffdc570000 - 0x00007fffdc5db000 	C:\Windows\System32\WS2_32.dll
0x00007fffce4e0000 - 0x00007fffce4ea000 	C:\Windows\SYSTEM32\VERSION.dll
0x00007fffda250000 - 0x00007fffda262000 	C:\Windows\SYSTEM32\UMPDC.dll
0x00007fffd8c30000 - 0x00007fffd8c42000 	C:\Windows\SYSTEM32\kernel.appcore.dll
0x00007fffc0cf0000 - 0x00007fffc0cfa000 	c:\Users\befer\.vscode\extensions\redhat.java-1.31.0-win32-x64\jre\17.0.11-win32-x86_64\bin\jimage.dll
0x00007fffd8180000 - 0x00007fffd8364000 	C:\Windows\SYSTEM32\DBGHELP.DLL
0x00007fffc5900000 - 0x00007fffc5934000 	C:\Windows\SYSTEM32\dbgcore.DLL
0x00007fffdaac0000 - 0x00007fffdab42000 	C:\Windows\System32\bcryptPrimitives.dll
0x00007fffbc950000 - 0x00007fffbc975000 	c:\Users\befer\.vscode\extensions\redhat.java-1.31.0-win32-x64\jre\17.0.11-win32-x86_64\bin\java.dll
0x00007fffbf2f0000 - 0x00007fffbf308000 	c:\Users\befer\.vscode\extensions\redhat.java-1.31.0-win32-x64\jre\17.0.11-win32-x86_64\bin\zip.dll
0x00007fffdafe0000 - 0x00007fffdb74b000 	C:\Windows\System32\SHELL32.dll
0x00007fffd8480000 - 0x00007fffd8c1d000 	C:\Windows\SYSTEM32\windows.storage.dll
0x00007fffdc020000 - 0x00007fffdc373000 	C:\Windows\System32\combase.dll
0x00007fffd9d70000 - 0x00007fffd9d9e000 	C:\Windows\SYSTEM32\Wldp.dll
0x00007fffdc8d0000 - 0x00007fffdc99d000 	C:\Windows\System32\OLEAUT32.dll
0x00007fffdc9a0000 - 0x00007fffdca4d000 	C:\Windows\System32\SHCORE.dll
0x00007fffdca70000 - 0x00007fffdcac5000 	C:\Windows\System32\shlwapi.dll
0x00007fffda350000 - 0x00007fffda374000 	C:\Windows\SYSTEM32\profapi.dll
0x00007fffbd420000 - 0x00007fffbd439000 	C:\Users\befer\.vscode\extensions\redhat.java-1.31.0-win32-x64\jre\17.0.11-win32-x86_64\bin\net.dll
0x00007fffc8930000 - 0x00007fffc8a3a000 	C:\Windows\SYSTEM32\WINHTTP.dll
0x00007fffd9ad0000 - 0x00007fffd9b3a000 	C:\Windows\system32\mswsock.dll
0x00007fffbd130000 - 0x00007fffbd146000 	C:\Users\befer\.vscode\extensions\redhat.java-1.31.0-win32-x64\jre\17.0.11-win32-x86_64\bin\nio.dll
0x00007fffbcda0000 - 0x00007fffbcdb0000 	c:\Users\befer\.vscode\extensions\redhat.java-1.31.0-win32-x64\jre\17.0.11-win32-x86_64\bin\verify.dll
0x00007fffd9cd0000 - 0x00007fffd9ce8000 	C:\Windows\SYSTEM32\CRYPTSP.dll
0x00007fffd93f0000 - 0x00007fffd9424000 	C:\Windows\system32\rsaenh.dll
0x00007fffda300000 - 0x00007fffda32e000 	C:\Windows\SYSTEM32\USERENV.dll
0x00007fffd9cc0000 - 0x00007fffd9ccc000 	C:\Windows\SYSTEM32\CRYPTBASE.dll
0x00007fffd97b0000 - 0x00007fffd97eb000 	C:\Windows\SYSTEM32\IPHLPAPI.DLL
0x00007fffdcd20000 - 0x00007fffdcd28000 	C:\Windows\System32\NSI.dll
0x00007fffcbc10000 - 0x00007fffcbc27000 	C:\Windows\SYSTEM32\dhcpcsvc6.DLL
0x00007fffce1c0000 - 0x00007fffce1dd000 	C:\Windows\SYSTEM32\dhcpcsvc.DLL
0x00007fffd97f0000 - 0x00007fffd98bb000 	C:\Windows\SYSTEM32\DNSAPI.dll
0x00007fffd0b20000 - 0x00007fffd0b29000 	C:\Users\befer\.vscode\extensions\redhat.java-1.31.0-win32-x64\jre\17.0.11-win32-x86_64\bin\management.dll
0x00007fffd0ae0000 - 0x00007fffd0aeb000 	C:\Users\befer\.vscode\extensions\redhat.java-1.31.0-win32-x64\jre\17.0.11-win32-x86_64\bin\management_ext.dll
0x00007fffdc560000 - 0x00007fffdc568000 	C:\Windows\System32\PSAPI.DLL

dbghelp: loaded successfully - version: 4.0.5 - missing functions: none
symbol engine: initialized successfully - sym options: 0x614 - pdb path: .;c:\Users\befer\.vscode\extensions\redhat.java-1.31.0-win32-x64\jre\17.0.11-win32-x86_64\bin;C:\Windows\SYSTEM32;C:\Windows\WinSxS\amd64_microsoft.windows.common-controls_6595b64144ccf1df_6.0.19041.4355_none_60b8b9eb71f62e16;c:\Users\befer\.vscode\extensions\redhat.java-1.31.0-win32-x64\jre\17.0.11-win32-x86_64\bin\server

VM Arguments:
jvm_args: -Xmx1024m -Dsts.lsp.client=vscode -Dsts.log.file=/dev/null -XX:TieredStopAtLevel=1 -Xlog:jni+resolve=off -Dspring.config.location=file:c:\Users\befer\.vscode\extensions\vmware.vscode-spring-boot-1.55.0\language-server\BOOT-INF\classes\application.properties 
java_command: org.springframework.ide.vscode.boot.app.BootLanguageServerBootApp
java_class_path (initial): c:\Users\befer\.vscode\extensions\vmware.vscode-spring-boot-1.55.0\language-server\BOOT-INF\classes;c:\Users\befer\.vscode\extensions\vmware.vscode-spring-boot-1.55.0\language-server\BOOT-INF\lib\annotations-24.1.0.jar;c:\Users\befer\.vscode\extensions\vmware.vscode-spring-boot-1.55.0\language-server\BOOT-INF\lib\antlr4-runtime-4.13.1.jar;c:\Users\befer\.vscode\extensions\vmware.vscode-spring-boot-1.55.0\language-server\BOOT-INF\lib\asm-9.7.jar;c:\Users\befer\.vscode\extensions\vmware.vscode-spring-boot-1.55.0\language-server\BOOT-INF\lib\asm-analysis-9.7.jar;c:\Users\befer\.vscode\extensions\vmware.vscode-spring-boot-1.55.0\language-server\BOOT-INF\lib\asm-tree-9.7.jar;c:\Users\befer\.vscode\extensions\vmware.vscode-spring-boot-1.55.0\language-server\BOOT-INF\lib\asm-util-9.7.jar;c:\Users\befer\.vscode\extensions\vmware.vscode-spring-boot-1.55.0\language-server\BOOT-INF\lib\caffeine-3.1.8.jar;c:\Users\befer\.vscode\extensions\vmware.vscode-spring-boot-1.55.0\language-server\BOOT-INF\lib\checker-qual-3.12.0.jar;c:\Users\befer\.vscode\extensions\vmware.vscode-spring-boot-1.55.0\language-server\BOOT-INF\lib\classgraph-4.8.149.jar;c:\Users\befer\.vscode\extensions\vmware.vscode-spring-boot-1.55.0\language-server\BOOT-INF\lib\commons-codec-1.16.1.jar;c:\Users\befer\.vscode\extensions\vmware.vscode-spring-boot-1.55.0\language-server\BOOT-INF\lib\commons-compress-1.26.1.jar;c:\Users\befer\.vscode\extensions\vmware.vscode-spring-boot-1.55.0\language-server\BOOT-INF\lib\commons-io-2.16.1.jar;c:\Users\befer\.vscode\extensions\vmware.vscode-spring-boot-1.55.0\language-server\BOOT-INF\lib\commons-java-1.55.0-SNAPSHOT.jar;c:\Users\befer\.vscode\extensions\vmware.vscode-spring-boot-1.55.0\language-server\BOOT-INF\lib\commons-lang3-3.14.0.jar;c:\Users\befer\.vscode\extensions\vmware.vscode-spring-boot-1.55.0\language-server\BOOT-INF\lib\commons-language-server-1.55.0-SNAPSHOT.jar;c:\Users\befer\.vscode\extensions\vmware.vscode-spring-boot-1.55.0\langu
Launcher Type: SUN_STANDARD

[Global flags]
     intx CICompilerCount                          = 3                                         {product} {ergonomic}
     uint ConcGCThreads                            = 1                                         {product} {ergonomic}
     uint G1ConcRefinementThreads                  = 4                                         {product} {ergonomic}
   size_t G1HeapRegionSize                         = 1048576                                   {product} {ergonomic}
    uintx GCDrainStackTargetSize                   = 64                                        {product} {ergonomic}
   size_t InitialHeapSize                          = 67108864                                  {product} {ergonomic}
   size_t MarkStackSize                            = 4194304                                   {product} {ergonomic}
   size_t MaxHeapSize                              = 1073741824                                {product} {command line}
   size_t MaxNewSize                               = 643825664                                 {product} {ergonomic}
   size_t MinHeapDeltaBytes                        = 1048576                                   {product} {ergonomic}
   size_t MinHeapSize                              = 8388608                                   {product} {ergonomic}
    uintx NonProfiledCodeHeapSize                  = 0                                      {pd product} {ergonomic}
     bool ProfileInterpreter                       = false                                  {pd product} {command line}
    uintx ProfiledCodeHeapSize                     = 0                                      {pd product} {ergonomic}
   size_t SoftMaxHeapSize                          = 1073741824                             {manageable} {ergonomic}
     intx TieredStopAtLevel                        = 1                                         {product} {command line}
     bool UseCompressedClassPointers               = true                           {product lp64_product} {ergonomic}
     bool UseCompressedOops                        = true                           {product lp64_product} {ergonomic}
     bool UseG1GC                                  = true                                      {product} {ergonomic}
     bool UseLargePagesIndividualAllocation        = false                                  {pd product} {ergonomic}

Logging:
Log output configuration:
 #0: stdout all=warning,jni+resolve=off uptime,level,tags
 #1: stderr all=off uptime,level,tags

Environment Variables:
PATH=C:\Program Files\Common Files\Oracle\Java\javapath;C:\Python312\Scripts\;C:\Python312\;C:\Program Files (x86)\Embarcadero\Studio\22.0\bin;C:\Users\Public\Documents\Embarcadero\Studio\22.0\Bpl;C:\Program Files (x86)\Embarcadero\Studio\22.0\bin64;C:\Users\Public\Documents\Embarcadero\Studio\22.0\Bpl\Win64;C:\Windows\system32;C:\Windows;C:\Windows\System32\Wbem;C:\Windows\System32\WindowsPowerShell\v1.0\;C:\Windows\System32\OpenSSH\;C:\Program Files\Git\cmd;C:\ProgramData\chocolatey\bin;C:\Program Files\nodejs\;C:\Users\befer\AppData\Local\Microsoft\WindowsApps;C:\Users\befer\AppData\Local\Programs\Microsoft VS Code\bin;C:\Users\befer\AppData\Roaming\npm;C:\Program Files\MySQL\MySQL Workbench 8.0 CE;C:\Users\befer\AppData\Local\GitHubDesktop\bin
USERNAME=befer
OS=Windows_NT
PROCESSOR_IDENTIFIER=Intel64 Family 6 Model 142 Stepping 9, GenuineIntel
TMP=C:\Users\befer\AppData\Local\Temp
TEMP=C:\Users\befer\AppData\Local\Temp



Periodic native trim disabled


---------------  S Y S T E M  ---------------

OS:
 Windows 10 , 64 bit Build 19041 (10.0.19041.3636)
OS uptime: 25 days 3:13 hours

CPU: total 4 (initial active 4) (2 cores per cpu, 2 threads per core) family 6 model 142 stepping 9 microcode 0xf4, cx8, cmov, fxsr, ht, mmx, 3dnowpref, sse, sse2, sse3, ssse3, sse4.1, sse4.2, popcnt, lzcnt, tsc, tscinvbit, avx, avx2, aes, erms, clmul, bmi1, bmi2, adx, fma, vzeroupper, clflush, clflushopt
Processor Information for all 4 processors :
  Max Mhz: 2304, Current Mhz: 2304, Mhz Limit: 2304

Memory: 4k page, system-wide physical 3996M (465M free)
TotalPageFile size 16284M (AvailPageFile size 2M)
current process WorkingSet (physical memory assigned to process): 41M, peak: 172M
current process commit charge ("private bytes"): 209M, peak: 246M

vm_info: OpenJDK 64-Bit Server VM (17.0.11+9) for windows-amd64 JRE (17.0.11+9), built on Apr 17 2024 06:07:48 by "admin" with MS VC++ 16.10 / 16.11 (VS2019)

END.
